{"applicationId":"69134512db036733a184ddc1","documentsCount":0,"level":"info","message":"Application details fetched successfully","timestamp":"2025-11-11 21:17:35:1735","userId":"68c1f376fd7b44bf3b192c00"}
{"duration":251,"level":"info","message":"API Response: GET /api/applications/69134512db036733a184ddc1 - 200 (251ms)","method":"GET","status":200,"timestamp":"2025-11-11 21:17:35:1735","url":"/api/applications/69134512db036733a184ddc1","userId":"68c1f376fd7b44bf3b192c00"}
{"level":"info","message":"API Request: GET http://localhost:3000/api/admin/analytics?timeRange=30d","method":"GET","timestamp":"2025-11-11 21:33:14:3314","url":"http://localhost:3000/api/admin/analytics?timeRange=30d"}
{"collection":"analytics","level":"info","message":"DB read on analytics: SUCCESS","operation":"read","success":true,"timeRange":"30d","timestamp":"2025-11-11 21:33:14:3314","totalApplications":1,"totalUsers":5}
{"duration":177,"level":"info","message":"API Response: GET http://localhost:3000/api/admin/analytics?timeRange=30d - 200 (177ms)","method":"GET","status":200,"timestamp":"2025-11-11 21:33:14:3314","url":"http://localhost:3000/api/admin/analytics?timeRange=30d","userId":"68c1f375fd7b44bf3b192bfa"}
{"level":"info","message":"API Request: GET http://localhost:3000/api/admin/settings","method":"GET","timestamp":"2025-11-11 21:34:39:3439","url":"http://localhost:3000/api/admin/settings"}
{"collection":"settings","level":"info","message":"DB read on settings: SUCCESS","operation":"read","success":true,"timestamp":"2025-11-11 21:34:39:3439"}
{"duration":29,"level":"info","message":"API Response: GET http://localhost:3000/api/admin/settings - 200 (29ms)","method":"GET","status":200,"timestamp":"2025-11-11 21:34:39:3439","url":"http://localhost:3000/api/admin/settings","userId":"68c1f375fd7b44bf3b192bfa"}
{"level":"info","message":"API Request: GET http://localhost:3000/api/admin/analytics?timeRange=30d","method":"GET","timestamp":"2025-11-11 22:14:41:1441","url":"http://localhost:3000/api/admin/analytics?timeRange=30d"}
{"collection":"analytics","level":"info","message":"DB read on analytics: SUCCESS","operation":"read","success":true,"timeRange":"30d","timestamp":"2025-11-11 22:14:41:1441","totalApplications":1,"totalUsers":5}
{"duration":180,"level":"info","message":"API Response: GET http://localhost:3000/api/admin/analytics?timeRange=30d - 200 (180ms)","method":"GET","status":200,"timestamp":"2025-11-11 22:14:41:1441","url":"http://localhost:3000/api/admin/analytics?timeRange=30d","userId":"68c1f375fd7b44bf3b192bfa"}
{"applicationId":"69134512db036733a184ddc1","documentsCount":0,"level":"info","message":"Application details fetched successfully","timestamp":"2025-11-11 23:52:38:5238","userId":"68c1f376fd7b44bf3b192c00"}
{"duration":282,"level":"info","message":"API Response: GET /api/applications/69134512db036733a184ddc1 - 200 (282ms)","method":"GET","status":200,"timestamp":"2025-11-11 23:52:38:5238","url":"/api/applications/69134512db036733a184ddc1","userId":"68c1f376fd7b44bf3b192c00"}
{"applicationId":"69134512db036733a184ddc1","documentsCount":0,"level":"info","message":"Application details fetched successfully","timestamp":"2025-11-11 23:54:57:5457","userId":"68c1f376fd7b44bf3b192c00"}
{"duration":207,"level":"info","message":"API Response: GET /api/applications/69134512db036733a184ddc1 - 200 (207ms)","method":"GET","status":200,"timestamp":"2025-11-11 23:54:57:5457","url":"/api/applications/69134512db036733a184ddc1","userId":"68c1f376fd7b44bf3b192c00"}
{"applicationId":"69134512db036733a184ddc1","documentsCount":0,"level":"info","message":"Application details fetched successfully","timestamp":"2025-11-11 23:56:22:5622","userId":"68c1f376fd7b44bf3b192c00"}
{"duration":236,"level":"info","message":"API Response: GET /api/applications/69134512db036733a184ddc1 - 200 (236ms)","method":"GET","status":200,"timestamp":"2025-11-11 23:56:22:5622","url":"/api/applications/69134512db036733a184ddc1","userId":"68c1f376fd7b44bf3b192c00"}
{"applicationId":"69134512db036733a184ddc1","documentsCount":0,"level":"info","message":"Application details fetched successfully","timestamp":"2025-11-12 00:01:13:113","userId":"68c1f376fd7b44bf3b192c00"}
{"duration":230,"level":"info","message":"API Response: GET /api/applications/69134512db036733a184ddc1 - 200 (230ms)","method":"GET","status":200,"timestamp":"2025-11-12 00:01:13:113","url":"/api/applications/69134512db036733a184ddc1","userId":"68c1f376fd7b44bf3b192c00"}
{"applicationId":"69134512db036733a184ddc1","documentsCount":0,"level":"info","message":"Application details fetched successfully","timestamp":"2025-11-12 00:01:29:129","userId":"68c1f376fd7b44bf3b192c00"}
{"duration":231,"level":"info","message":"API Response: GET /api/applications/69134512db036733a184ddc1 - 200 (231ms)","method":"GET","status":200,"timestamp":"2025-11-12 00:01:29:129","url":"/api/applications/69134512db036733a184ddc1","userId":"68c1f376fd7b44bf3b192c00"}
